{"level":"error","message":"Error updating product: Product validation failed: category: Path `category` is required."}
{"level":"error","message":"Error removing product from wishlist by ID: Cast to ObjectId failed for value \"[object Object]\" (type string) at path \"productId\" for model \"Wishlist\""}
{"level":"error","message":"Error getting the profile: User validation failed: password: Path `password` is required."}
{"level":"error","message":"Error getting the profile: User validation failed: password: Path `password` is required."}
{"level":"error","message":"Error processing checkout: Order validation failed: paymentMethod: Path `paymentMethod` is required."}
{"level":"error","message":"Error processing checkout: Order validation failed: paymentMethod: Path `paymentMethod` is required."}
{"level":"error","message":"Error processing checkout: Order validation failed: paymentMethod: Path `paymentMethod` is required."}
{"level":"error","message":"Error processing checkout: Order validation failed: paymentMethod: Path `paymentMethod` is required."}
{"level":"error","message":"Log in Failed via invalid password"}
{"level":"error","message":"User already exists: aong1244@gmail.com"}
{"level":"error","message":"Error logging in the Google: Cannot access 'token' before initialization"}
{"level":"error","message":"Error logging in the Google: Request failed with status code 400"}
{"level":"error","message":"Error logging in the Google: Request failed with status code 400"}
{"level":"error","message":"Error logging in the Google: googleResponse is not defined"}
{"level":"error","message":"Error logging in the Google: googleResponse is not defined"}
{"level":"error","message":"Error logging in the Google: Request failed with status code 400"}
{"level":"error","message":"Error logging in the Google: Request failed with status code 400"}
{"level":"error","message":"Log in Failed via invalid password"}
{"level":"error","message":"Error marking notification as seen: Cast to ObjectId failed for value \"undefined\" (type string) at path \"_id\" for model \"Notification\""}
{"level":"error","message":"Error marking notification as seen: Cast to ObjectId failed for value \"undefined\" (type string) at path \"_id\" for model \"Notification\""}
{"level":"error","message":"Error marking notification as seen: Cast to ObjectId failed for value \"undefined\" (type string) at path \"_id\" for model \"Notification\""}
{"level":"error","message":"Error marking notification as seen: Cast to ObjectId failed for value \"undefined\" (type string) at path \"_id\" for model \"Notification\""}
{"level":"error","message":"Error marking notification as seen: Cast to ObjectId failed for value \"undefined\" (type string) at path \"_id\" for model \"Notification\""}
{"level":"error","message":"Error marking notification as seen: Cast to ObjectId failed for value \"undefined\" (type string) at path \"_id\" for model \"Notification\""}
{"level":"error","message":"Error marking notification as seen: Cast to ObjectId failed for value \"undefined\" (type string) at path \"_id\" for model \"Notification\""}
{"level":"error","message":"Error marking notification as seen: Cast to ObjectId failed for value \"undefined\" (type string) at path \"_id\" for model \"Notification\""}
{"level":"error","message":"Error marking notification as seen: Cast to ObjectId failed for value \"undefined\" (type string) at path \"_id\" for model \"Notification\""}
{"level":"error","message":"Error marking notification as seen: Cast to ObjectId failed for value \"undefined\" (type string) at path \"_id\" for model \"Notification\""}
{"level":"error","message":"Error during login: Illegal arguments: string, undefined"}
{"level":"error","message":"Error during login: Illegal arguments: string, undefined"}
{"level":"error","message":"Error during login: Illegal arguments: string, undefined"}
{"level":"error","message":"Log in Failed via invalid password"}
{"level":"error","message":"Error marking notification as seen: Cast to ObjectId failed for value \"undefined\" (type string) at path \"_id\" for model \"Notification\""}
{"level":"error","message":"Error logging in the Facebook: Request failed with status code 400"}
